<?xml version="1.0" encoding="UTF-8"?>
<!-- Generated by org.testng.reporters.JUnitReportReporter -->
<testsuite hostname="DESKTOP-A7GJ5DU" failures="0" tests="4" name="api.test.UserTests" time="9.258" errors="0" timestamp="2024-07-08T14:09:30 IST" skipped="0">
  <testcase classname="api.test.UserTests" name="testPOSTUser" time="4.237"/>
  <testcase classname="api.test.UserTests" name="testGetUserByName" time="1.218"/>
  <testcase classname="api.test.UserTests" name="testUpdateUserByName" time="2.599"/>
  <testcase classname="api.test.UserTests" name="testDeleteUser" time="1.204"/>
</testsuite> <!-- api.test.UserTests -->
