<?xml version="1.0" encoding="UTF-8"?>
<!-- Generated by org.testng.reporters.JUnitReportReporter -->
<testsuite hostname="DESKTOP-A7GJ5DU" failures="0" tests="4" name="api.test.UserTests" time="10.605" errors="0" timestamp="2024-07-08T15:52:54 IST" skipped="0">
  <testcase classname="api.test.UserTests" name="testPOSTUser" time="5.323"/>
  <testcase classname="api.test.UserTests" name="testGetUserByName" time="1.412"/>
  <testcase classname="api.test.UserTests" name="testUpdateUserByName" time="2.595"/>
  <testcase classname="api.test.UserTests" name="testDeleteUser" time="1.275"/>
</testsuite> <!-- api.test.UserTests -->
